This is pdfTeX, Version 3.1415926-2.3-1.40.12 (MiKTeX 2.9) (preloaded format=pdflatex 2012.12.14)  25 DEC 2012 21:08
entering extended mode
**D:/course/note/logistic_regression/logistic_regression.tex
(D:/course/note/logistic_regression/logistic_regression.tex
LaTeX2e <2011/06/27>
Babel <v3.8m> and hyphenation patterns for loaded.
(d:\CTEX\MiKTeX\tex\latex\base\article.cls
Document Class: article 2007/10/19 v1.4h Standard LaTeX document class
(d:\CTEX\MiKTeX\tex\latex\base\size10.clo
File: size10.clo 2007/10/19 v1.4h Standard LaTeX file (size option)
)
\c@part=\count79
\c@section=\count80
\c@subsection=\count81
\c@subsubsection=\count82
\c@paragraph=\count83
\c@subparagraph=\count84
\c@figure=\count85
\c@table=\count86
\abovecaptionskip=\skip41
\belowcaptionskip=\skip42
\bibindent=\dimen102
)
(d:\CTEX\MiKTeX\tex\latex\graphics\graphicx.sty
Package: graphicx 1999/02/16 v1.0f Enhanced LaTeX Graphics (DPC,SPQR)

(d:\CTEX\MiKTeX\tex\latex\graphics\keyval.sty
Package: keyval 1999/03/16 v1.13 key=value parser (DPC)
\KV@toks@=\toks14
)
(d:\CTEX\MiKTeX\tex\latex\graphics\graphics.sty
Package: graphics 2009/02/05 v1.0o Standard LaTeX Graphics (DPC,SPQR)

(d:\CTEX\MiKTeX\tex\latex\graphics\trig.sty
Package: trig 1999/03/16 v1.09 sin cos tan (DPC)
)
(d:\CTEX\MiKTeX\tex\latex\00miktex\graphics.cfg
File: graphics.cfg 2007/01/18 v1.5 graphics configuration of teTeX/TeXLive
)
Package graphics Info: Driver file: pdftex.def on input line 91.

(d:\CTEX\MiKTeX\tex\latex\pdftex-def\pdftex.def
File: pdftex.def 2011/05/27 v0.06d Graphics/color for pdfTeX

(d:\CTEX\MiKTeX\tex\generic\oberdiek\infwarerr.sty
Package: infwarerr 2010/04/08 v1.3 Providing info/warning/message (HO)
)
(d:\CTEX\MiKTeX\tex\generic\oberdiek\ltxcmds.sty
Package: ltxcmds 2011/04/18 v1.20 LaTeX kernel commands for general use (HO)
)
\Gread@gobject=\count87
))
\Gin@req@height=\dimen103
\Gin@req@width=\dimen104
)
(d:\CTEX\MiKTeX\tex\latex\multirow\multirow.sty
\bigstrutjot=\dimen105
)
(D:\course\note\logistic_regression\logistic_regression.aux)
LaTeX Font Info:    Checking defaults for OML/cmm/m/it on input line 9.
LaTeX Font Info:    ... okay on input line 9.
LaTeX Font Info:    Checking defaults for T1/cmr/m/n on input line 9.
LaTeX Font Info:    ... okay on input line 9.
LaTeX Font Info:    Checking defaults for OT1/cmr/m/n on input line 9.
LaTeX Font Info:    ... okay on input line 9.
LaTeX Font Info:    Checking defaults for OMS/cmsy/m/n on input line 9.
LaTeX Font Info:    ... okay on input line 9.
LaTeX Font Info:    Checking defaults for OMX/cmex/m/n on input line 9.
LaTeX Font Info:    ... okay on input line 9.
LaTeX Font Info:    Checking defaults for U/cmr/m/n on input line 9.
LaTeX Font Info:    ... okay on input line 9.

(d:\CTEX\MiKTeX\tex\context\base\supp-pdf.mkii
[Loading MPS to PDF converter (version 2006.09.02).]
\scratchcounter=\count88
\scratchdimen=\dimen106
\scratchbox=\box26
\nofMPsegments=\count89
\nofMParguments=\count90
\everyMPshowfont=\toks15
\MPscratchCnt=\count91
\MPscratchDim=\dimen107
\MPnumerator=\count92
\makeMPintoPDFobject=\count93
\everyMPtoPDFconversion=\toks16
)
LaTeX Font Info:    External font `cmex10' loaded for size
(Font)              <12> on input line 10.
LaTeX Font Info:    External font `cmex10' loaded for size
(Font)              <8> on input line 10.
LaTeX Font Info:    External font `cmex10' loaded for size
(Font)              <6> on input line 10.
 [1

{d:/CTEX/UserData/pdftex/config/pdftex.map{Unicode.sfd}{UGBK.sfd}}]
LaTeX Font Info:    External font `cmex10' loaded for size
(Font)              <7> on input line 14.
LaTeX Font Info:    External font `cmex10' loaded for size
(Font)              <5> on input line 14.

<Figure1.jpg, id=8, 661.72218pt x 201.75375pt>
File: Figure1.jpg Graphic file (type jpg)
 <use Figure1.jpg>
Package pdftex.def Info: Figure1.jpg used on input line 19.
(pdftex.def)             Requested size: 227.62204pt x 69.39885pt.
 [2 <D:/course/note/logistic_regression/Figure1.jpg>]
<Figure2.jpg, id=18, 379.4175pt x 229.60782pt>
File: Figure2.jpg Graphic file (type jpg)
 <use Figure2.jpg>
Package pdftex.def Info: Figure2.jpg used on input line 44.
(pdftex.def)             Requested size: 227.62204pt x 137.74823pt.

<Figure3.jpg, id=19, 586.44093pt x 201.00093pt>
File: Figure3.jpg Graphic file (type jpg)
 <use Figure3.jpg>
Package pdftex.def Info: Figure3.jpg used on input line 54.
(pdftex.def)             Requested size: 227.62204pt x 78.01585pt.
 [3 <D:/course/note/logistic_regression/Figure2.jpg> <D:/course/note/logistic_r
egression/Figure3.jpg>] <Figure4.jpg, id=24, 299.61937pt x 207.77625pt>
File: Figure4.jpg Graphic file (type jpg)
 <use Figure4.jpg>
Package pdftex.def Info: Figure4.jpg used on input line 74.
(pdftex.def)             Requested size: 142.26378pt x 98.6567pt.

[4 <D:/course/note/logistic_regression/Figure4.jpg>]
(D:\course\note\logistic_regression\logistic_regression.aux) ) 
Here is how much of TeX's memory you used:
 1166 strings out of 495354
 15295 string characters out of 3183858
 65953 words of memory out of 3000000
 4368 multiletter control sequences out of 15000+200000
 7280 words of font info for 26 fonts, out of 3000000 for 9000
 14 hyphenation exceptions out of 8191
 27i,8n,19p,1423b,214s stack positions out of 5000i,500n,10000p,200000b,50000s
<d:/CTEX/MiKTeX/f
onts/type1/public/amsfonts/cm/cmbx12.pfb><d:/CTEX/MiKTeX/fonts/type1/public/ams
fonts/cm/cmex10.pfb><d:/CTEX/MiKTeX/fonts/type1/public/amsfonts/cm/cmmi10.pfb><
d:/CTEX/MiKTeX/fonts/type1/public/amsfonts/cm/cmmi5.pfb><d:/CTEX/MiKTeX/fonts/t
ype1/public/amsfonts/cm/cmmi7.pfb><d:/CTEX/MiKTeX/fonts/type1/public/amsfonts/c
m/cmr10.pfb><d:/CTEX/MiKTeX/fonts/type1/public/amsfonts/cm/cmr12.pfb><d:/CTEX/M
iKTeX/fonts/type1/public/amsfonts/cm/cmr17.pfb><d:/CTEX/MiKTeX/fonts/type1/publ
ic/amsfonts/cm/cmr7.pfb><d:/CTEX/MiKTeX/fonts/type1/public/amsfonts/cm/cmsy10.p
fb><d:/CTEX/MiKTeX/fonts/type1/public/amsfonts/cm/cmsy7.pfb>
Output written on logistic_regression.pdf (4 pages, 218176 bytes).
PDF statistics:
 63 PDF objects out of 1000 (max. 8388607)
 0 named destinations out of 1000 (max. 500000)
 21 words of extra memory for PDF output out of 10000 (max. 10000000)

