This is pdfTeX, Version 3.1415926-2.3-1.40.12 (MiKTeX 2.9) (preloaded format=pdflatex 2012.12.14)  29 DEC 2012 17:23
entering extended mode
**D:/course/note/neural_networks/neural_networks.tex
(D:/course/note/neural_networks/neural_networks.tex
LaTeX2e <2011/06/27>
Babel <v3.8m> and hyphenation patterns for loaded.
(d:\CTEX\MiKTeX\tex\latex\base\article.cls
Document Class: article 2007/10/19 v1.4h Standard LaTeX document class
(d:\CTEX\MiKTeX\tex\latex\base\size10.clo
File: size10.clo 2007/10/19 v1.4h Standard LaTeX file (size option)
)
\c@part=\count79
\c@section=\count80
\c@subsection=\count81
\c@subsubsection=\count82
\c@paragraph=\count83
\c@subparagraph=\count84
\c@figure=\count85
\c@table=\count86
\abovecaptionskip=\skip41
\belowcaptionskip=\skip42
\bibindent=\dimen102
)
(d:\CTEX\MiKTeX\tex\latex\graphics\graphicx.sty
Package: graphicx 1999/02/16 v1.0f Enhanced LaTeX Graphics (DPC,SPQR)

(d:\CTEX\MiKTeX\tex\latex\graphics\keyval.sty
Package: keyval 1999/03/16 v1.13 key=value parser (DPC)
\KV@toks@=\toks14
)
(d:\CTEX\MiKTeX\tex\latex\graphics\graphics.sty
Package: graphics 2009/02/05 v1.0o Standard LaTeX Graphics (DPC,SPQR)

(d:\CTEX\MiKTeX\tex\latex\graphics\trig.sty
Package: trig 1999/03/16 v1.09 sin cos tan (DPC)
)
(d:\CTEX\MiKTeX\tex\latex\00miktex\graphics.cfg
File: graphics.cfg 2007/01/18 v1.5 graphics configuration of teTeX/TeXLive
)
Package graphics Info: Driver file: pdftex.def on input line 91.

(d:\CTEX\MiKTeX\tex\latex\pdftex-def\pdftex.def
File: pdftex.def 2011/05/27 v0.06d Graphics/color for pdfTeX

(d:\CTEX\MiKTeX\tex\generic\oberdiek\infwarerr.sty
Package: infwarerr 2010/04/08 v1.3 Providing info/warning/message (HO)
)
(d:\CTEX\MiKTeX\tex\generic\oberdiek\ltxcmds.sty
Package: ltxcmds 2011/04/18 v1.20 LaTeX kernel commands for general use (HO)
)
\Gread@gobject=\count87
))
\Gin@req@height=\dimen103
\Gin@req@width=\dimen104
)
(d:\CTEX\MiKTeX\tex\latex\multirow\multirow.sty
\bigstrutjot=\dimen105
)
(D:\course\note\neural_networks\neural_networks.aux)
LaTeX Font Info:    Checking defaults for OML/cmm/m/it on input line 9.
LaTeX Font Info:    ... okay on input line 9.
LaTeX Font Info:    Checking defaults for T1/cmr/m/n on input line 9.
LaTeX Font Info:    ... okay on input line 9.
LaTeX Font Info:    Checking defaults for OT1/cmr/m/n on input line 9.
LaTeX Font Info:    ... okay on input line 9.
LaTeX Font Info:    Checking defaults for OMS/cmsy/m/n on input line 9.
LaTeX Font Info:    ... okay on input line 9.
LaTeX Font Info:    Checking defaults for OMX/cmex/m/n on input line 9.
LaTeX Font Info:    ... okay on input line 9.
LaTeX Font Info:    Checking defaults for U/cmr/m/n on input line 9.
LaTeX Font Info:    ... okay on input line 9.

(d:\CTEX\MiKTeX\tex\context\base\supp-pdf.mkii
[Loading MPS to PDF converter (version 2006.09.02).]
\scratchcounter=\count88
\scratchdimen=\dimen106
\scratchbox=\box26
\nofMPsegments=\count89
\nofMParguments=\count90
\everyMPshowfont=\toks15
\MPscratchCnt=\count91
\MPscratchDim=\dimen107
\MPnumerator=\count92
\makeMPintoPDFobject=\count93
\everyMPtoPDFconversion=\toks16
)
LaTeX Font Info:    External font `cmex10' loaded for size
(Font)              <12> on input line 10.
LaTeX Font Info:    External font `cmex10' loaded for size
(Font)              <8> on input line 10.
LaTeX Font Info:    External font `cmex10' loaded for size
(Font)              <6> on input line 10.
 [1

{d:/CTEX/UserData/pdftex/config/pdftex.map{Unicode.sfd}{UGBK.sfd}}]
LaTeX Font Info:    External font `cmex10' loaded for size
(Font)              <7> on input line 14.
LaTeX Font Info:    External font `cmex10' loaded for size
(Font)              <5> on input line 14.

<Figure1.jpg, id=8, 324.46219pt x 181.42781pt>
File: Figure1.jpg Graphic file (type jpg)
 <use Figure1.jpg>
Package pdftex.def Info: Figure1.jpg used on input line 18.
(pdftex.def)             Requested size: 85.35826pt x 47.72932pt.

<Figure2.jpg, id=9, 562.35094pt x 241.65282pt>
File: Figure2.jpg Graphic file (type jpg)
 <use Figure2.jpg>
Package pdftex.def Info: Figure2.jpg used on input line 24.
(pdftex.def)             Requested size: 142.26378pt x 61.13208pt.

<Figure3.jpg, id=10, 674.52pt x 338.76563pt>
File: Figure3.jpg Graphic file (type jpg)
 <use Figure3.jpg>
Package pdftex.def Info: Figure3.jpg used on input line 30.
(pdftex.def)             Requested size: 256.0748pt x 128.6082pt.

<Figure4.jpg, id=11, 246.9225pt x 213.04594pt>
File: Figure4.jpg Graphic file (type jpg)
 <use Figure4.jpg>
Package pdftex.def Info: Figure4.jpg used on input line 38.
(pdftex.def)             Requested size: 85.35826pt x 73.6472pt.

<Figure5.jpg, id=12, 675.27281pt x 159.59625pt>
File: Figure5.jpg Graphic file (type jpg)
 <use Figure5.jpg>
Package pdftex.def Info: Figure5.jpg used on input line 44.
(pdftex.def)             Requested size: 284.52756pt x 67.24669pt.

<Figure6.jpg, id=13, 633.11531pt x 193.47281pt>
File: Figure6.jpg Graphic file (type jpg)
 <use Figure6.jpg>
Package pdftex.def Info: Figure6.jpg used on input line 50.
(pdftex.def)             Requested size: 284.52756pt x 86.94977pt.
 [2 <D:/course/note/neural_networks/Figure1.jpg> <D:/course/note/neural_network
s/Figure2.jpg>] [3 <D:/course/note/neural_networks/Figure3.jpg> <D:/course/note
/neural_networks/Figure4.jpg> <D:/course/note/neural_networks/Figure5.jpg> <D:/
course/note/neural_networks/Figure6.jpg>] (D:\course\note\neural_networks\neura
l_networks.aux) ) 
Here is how much of TeX's memory you used:
 1171 strings out of 495354
 15164 string characters out of 3183858
 65909 words of memory out of 3000000
 4371 multiletter control sequences out of 15000+200000
 7280 words of font info for 26 fonts, out of 3000000 for 9000
 14 hyphenation exceptions out of 8191
 27i,6n,19p,1277b,218s stack positions out of 5000i,500n,10000p,200000b,50000s
<d:/CTEX/MiKTeX/fonts/type1/public/amsfonts/cm/cmbx12.pfb><d:/
CTEX/MiKTeX/fonts/type1/public/amsfonts/cm/cmmi10.pfb><d:/CTEX/MiKTeX/fonts/typ
e1/public/amsfonts/cm/cmr10.pfb><d:/CTEX/MiKTeX/fonts/type1/public/amsfonts/cm/
cmr12.pfb><d:/CTEX/MiKTeX/fonts/type1/public/amsfonts/cm/cmr17.pfb><d:/CTEX/MiK
TeX/fonts/type1/public/amsfonts/cm/cmr7.pfb>
Output written on neural_networks.pdf (3 pages, 294242 bytes).
PDF statistics:
 42 PDF objects out of 1000 (max. 8388607)
 0 named destinations out of 1000 (max. 500000)
 31 words of extra memory for PDF output out of 10000 (max. 10000000)

