This is pdfTeX, Version 3.1415926-2.3-1.40.12 (MiKTeX 2.9) (preloaded format=pdflatex 2012.12.14)  9 JAN 2013 11:33
entering extended mode
**D:/course/note/survey/chi/序列组装.tex
(D:/course/note/survey/chi/序列组装.tex
LaTeX2e <2011/06/27>
Babel <v3.8m> and hyphenation patterns for loaded.
(d:\CTEX\MiKTeX\tex\latex\base\article.cls
Document Class: article 2007/10/19 v1.4h Standard LaTeX document class
(d:\CTEX\MiKTeX\tex\latex\base\size10.clo
File: size10.clo 2007/10/19 v1.4h Standard LaTeX file (size option)
)
\c@part=\count79
\c@section=\count80
\c@subsection=\count81
\c@subsubsection=\count82
\c@paragraph=\count83
\c@subparagraph=\count84
\c@figure=\count85
\c@table=\count86
\abovecaptionskip=\skip41
\belowcaptionskip=\skip42
\bibindent=\dimen102
)
(d:\CTEX\MiKTeX\tex\latex\graphics\graphicx.sty
Package: graphicx 1999/02/16 v1.0f Enhanced LaTeX Graphics (DPC,SPQR)

(d:\CTEX\MiKTeX\tex\latex\graphics\keyval.sty
Package: keyval 1999/03/16 v1.13 key=value parser (DPC)
\KV@toks@=\toks14
)
(d:\CTEX\MiKTeX\tex\latex\graphics\graphics.sty
Package: graphics 2009/02/05 v1.0o Standard LaTeX Graphics (DPC,SPQR)

(d:\CTEX\MiKTeX\tex\latex\graphics\trig.sty
Package: trig 1999/03/16 v1.09 sin cos tan (DPC)
)
(d:\CTEX\MiKTeX\tex\latex\00miktex\graphics.cfg
File: graphics.cfg 2007/01/18 v1.5 graphics configuration of teTeX/TeXLive
)
Package graphics Info: Driver file: pdftex.def on input line 91.

(d:\CTEX\MiKTeX\tex\latex\pdftex-def\pdftex.def
File: pdftex.def 2011/05/27 v0.06d Graphics/color for pdfTeX

(d:\CTEX\MiKTeX\tex\generic\oberdiek\infwarerr.sty
Package: infwarerr 2010/04/08 v1.3 Providing info/warning/message (HO)
)
(d:\CTEX\MiKTeX\tex\generic\oberdiek\ltxcmds.sty
Package: ltxcmds 2011/04/18 v1.20 LaTeX kernel commands for general use (HO)
)
\Gread@gobject=\count87
))
\Gin@req@height=\dimen103
\Gin@req@width=\dimen104
)
(d:\CTEX\MiKTeX\tex\latex\multirow\multirow.sty
\bigstrutjot=\dimen105
)
(d:\CTEX\MiKTeX\tex\latex\graphics\color.sty
Package: color 2005/11/14 v1.0j Standard LaTeX Color (DPC)

(d:\CTEX\MiKTeX\tex\latex\00miktex\color.cfg
File: color.cfg 2007/01/18 v1.5 color configuration of teTeX/TeXLive
)
Package color Info: Driver file: pdftex.def on input line 130.
)
(d:\CTEX\MiKTeX\tex\latex\cjk\CJK.sty
Package: CJK 2008/12/29 4.8.2

(d:\CTEX\MiKTeX\tex\latex\cjk\mule\MULEenc.sty
Package: MULEenc 2008/12/29 4.8.2
)
(d:\CTEX\MiKTeX\tex\latex\cjk\CJK.enc
File: CJK.enc 2008/12/29 4.8.2
)
LaTeX Info: Redefining \selectfont on input line 756.
\CJK@indent=\box26
)
(d:\CTEX\MiKTeX\tex\latex\hyperref\hyperref.sty
Package: hyperref 2012/02/06 v6.82o Hypertext links for LaTeX

(d:\CTEX\MiKTeX\tex\generic\oberdiek\hobsub-hyperref.sty
Package: hobsub-hyperref 2011/04/23 v1.4 Bundle oberdiek, subset hyperref (HO)

(d:\CTEX\MiKTeX\tex\generic\oberdiek\hobsub-generic.sty
Package: hobsub-generic 2011/04/23 v1.4 Bundle oberdiek, subset generic (HO)
Package: hobsub 2011/04/23 v1.4 Subsetting bundle oberdiek (HO)
Package hobsub Info: Skipping package `infwarerr' (already loaded).
Package hobsub Info: Skipping package `ltxcmds' (already loaded).
Package: ifluatex 2010/03/01 v1.3 Provides the ifluatex switch (HO)
Package ifluatex Info: LuaTeX not detected.
Package: ifvtex 2010/03/01 v1.5 Switches for detecting VTeX and its modes (HO)
Package ifvtex Info: VTeX not detected.
Package: intcalc 2007/09/27 v1.1 Expandable integer calculations (HO)
Package: ifpdf 2011/01/30 v2.3 Provides the ifpdf switch (HO)
Package ifpdf Info: pdfTeX in PDF mode is detected.
Package: etexcmds 2011/02/16 v1.5 Prefix for e-TeX command names (HO)
Package etexcmds Info: Could not find \expanded.
(etexcmds)             That can mean that you are not using pdfTeX 1.50 or
(etexcmds)             that some package has redefined \expanded.
(etexcmds)             In the latter case, load this package earlier.
Package: kvsetkeys 2011/04/07 v1.13 Key value parser (HO)
Package: kvdefinekeys 2011/04/07 v1.3 Defining keys (HO)
Package: pdftexcmds 2011/04/22 v0.16 Utilities of pdfTeX for LuaTeX (HO)
Package pdftexcmds Info: LuaTeX not detected.
Package pdftexcmds Info: \pdf@primitive is available.
Package pdftexcmds Info: \pdf@ifprimitive is available.
Package pdftexcmds Info: \pdfdraftmode found.
Package: pdfescape 2011/04/04 v1.12 Provides string conversions (HO)
Package: bigintcalc 2011/01/30 v1.2 Expandable big integer calculations (HO)
Package: bitset 2011/01/30 v1.1 Data type bit set (HO)
Package: uniquecounter 2011/01/30 v1.2 Provides unlimited unique counter (HO)
)
Package hobsub Info: Skipping package `hobsub' (already loaded).
Package: letltxmacro 2010/09/02 v1.4 Let assignment for LaTeX macros (HO)
Package: hopatch 2011/01/30 v1.0 Wrapper for package hooks (HO)
Package: xcolor-patch 2011/01/30 xcolor patch
Package: atveryend 2011/04/23 v1.7 Hooks at very end of document (HO)
Package: atbegshi 2011/01/30 v1.15 At begin shipout hook (HO)
Package: refcount 2010/12/01 v3.2 Data extraction from references (HO)
Package: hycolor 2011/01/30 v1.7 Color options of hyperref/bookmark (HO)
)
(d:\CTEX\MiKTeX\tex\generic\ifxetex\ifxetex.sty
Package: ifxetex 2010/09/12 v0.6 Provides ifxetex conditional
)
(d:\CTEX\MiKTeX\tex\latex\oberdiek\kvoptions.sty
Package: kvoptions 2010/12/23 v3.10 Keyval support for LaTeX options (HO)
)
\@linkdim=\dimen106
\Hy@linkcounter=\count88
\Hy@pagecounter=\count89

(d:\CTEX\MiKTeX\tex\latex\hyperref\pd1enc.def
File: pd1enc.def 2012/02/06 v6.82o Hyperref: PDFDocEncoding definition (HO)
)
\Hy@SavedSpaceFactor=\count90

(d:\CTEX\MiKTeX\tex\latex\00miktex\hyperref.cfg
File: hyperref.cfg 2002/06/06 v1.2 hyperref configuration of TeXLive
)
Package hyperref Info: Option `colorlinks' set `true' on input line 3925.
Package hyperref Info: Option `CJKbookmarks' set `true' on input line 3925.
Package hyperref Info: Hyper figures OFF on input line 4046.
Package hyperref Info: Link nesting OFF on input line 4051.
Package hyperref Info: Hyper index ON on input line 4054.
Package hyperref Info: Plain pages OFF on input line 4061.
Package hyperref Info: Backreferencing OFF on input line 4066.
Package hyperref Info: Implicit mode ON; LaTeX internals redefined.
Package hyperref Info: Bookmarks ON on input line 4284.
\c@Hy@tempcnt=\count91

(d:\CTEX\MiKTeX\tex\latex\ltxmisc\url.sty
\Urlmuskip=\muskip10
Package: url 2006/04/12  ver 3.3  Verb mode for urls, etc.
)
LaTeX Info: Redefining \url on input line 4637.
\Fld@menulength=\count92
\Field@Width=\dimen107
\Fld@charsize=\dimen108
Package hyperref Info: Hyper figures OFF on input line 5757.
Package hyperref Info: Link nesting OFF on input line 5762.
Package hyperref Info: Hyper index ON on input line 5765.
Package hyperref Info: backreferencing OFF on input line 5772.
Package hyperref Info: Link coloring ON on input line 5775.
Package hyperref Info: Link coloring with OCG OFF on input line 5782.
Package hyperref Info: PDF/A mode OFF on input line 5787.
LaTeX Info: Redefining \ref on input line 5827.
LaTeX Info: Redefining \pageref on input line 5831.
\Hy@abspage=\count93
\c@Item=\count94
\c@Hfootnote=\count95
)

Package hyperref Message: Driver (autodetected): hpdftex.

(d:\CTEX\MiKTeX\tex\latex\hyperref\hpdftex.def
File: hpdftex.def 2012/02/06 v6.82o Hyperref driver for pdfTeX
\Fld@listcount=\count96
\c@bookmark@seq@number=\count97

(d:\CTEX\MiKTeX\tex\latex\oberdiek\rerunfilecheck.sty
Package: rerunfilecheck 2011/04/15 v1.7 Rerun checks for auxiliary files (HO)
Package uniquecounter Info: New unique counter `rerunfilecheck' on input line 2
82.
)
\Hy@SectionHShift=\skip43
)
(D:\course\note\survey\chi\序列组装.aux)
LaTeX Font Info:    Checking defaults for OML/cmm/m/it on input line 10.
LaTeX Font Info:    ... okay on input line 10.
LaTeX Font Info:    Checking defaults for T1/cmr/m/n on input line 10.
LaTeX Font Info:    ... okay on input line 10.
LaTeX Font Info:    Checking defaults for OT1/cmr/m/n on input line 10.
LaTeX Font Info:    ... okay on input line 10.
LaTeX Font Info:    Checking defaults for OMS/cmsy/m/n on input line 10.
LaTeX Font Info:    ... okay on input line 10.
LaTeX Font Info:    Checking defaults for OMX/cmex/m/n on input line 10.
LaTeX Font Info:    ... okay on input line 10.
LaTeX Font Info:    Checking defaults for U/cmr/m/n on input line 10.
LaTeX Font Info:    ... okay on input line 10.
LaTeX Font Info:    Checking defaults for C00/song/m/n on input line 10.
LaTeX Font Info:    ... okay on input line 10.
LaTeX Font Info:    Checking defaults for C05/song/m/n on input line 10.
LaTeX Font Info:    ... okay on input line 10.
LaTeX Font Info:    Checking defaults for C09/song/m/n on input line 10.
LaTeX Font Info:    ... okay on input line 10.
LaTeX Font Info:    Checking defaults for C10/song/m/n on input line 10.
LaTeX Font Info:    ... okay on input line 10.
LaTeX Font Info:    Checking defaults for C20/song/m/n on input line 10.
LaTeX Font Info:    ... okay on input line 10.
LaTeX Font Info:    Checking defaults for C19/song/m/n on input line 10.
LaTeX Font Info:    ... okay on input line 10.
LaTeX Font Info:    Checking defaults for C40/song/m/n on input line 10.
LaTeX Font Info:    ... okay on input line 10.
LaTeX Font Info:    Checking defaults for C42/song/m/n on input line 10.
LaTeX Font Info:    ... okay on input line 10.
LaTeX Font Info:    Checking defaults for C43/song/m/n on input line 10.
LaTeX Font Info:    ... okay on input line 10.
LaTeX Font Info:    Checking defaults for C50/song/m/n on input line 10.
LaTeX Font Info:    ... okay on input line 10.
LaTeX Font Info:    Checking defaults for C52/song/m/n on input line 10.
LaTeX Font Info:    ... okay on input line 10.
LaTeX Font Info:    Checking defaults for C49/song/m/n on input line 10.
LaTeX Font Info:    ... okay on input line 10.
LaTeX Font Info:    Checking defaults for C60/mj/m/n on input line 10.
LaTeX Font Info:    ... okay on input line 10.
LaTeX Font Info:    Checking defaults for C61/mj/m/n on input line 10.
LaTeX Font Info:    ... okay on input line 10.
LaTeX Font Info:    Checking defaults for C63/mj/m/n on input line 10.
LaTeX Font Info:    ... okay on input line 10.
LaTeX Font Info:    Checking defaults for C64/mj/m/n on input line 10.
LaTeX Font Info:    ... okay on input line 10.
LaTeX Font Info:    Checking defaults for C65/mj/m/n on input line 10.
LaTeX Font Info:    ... okay on input line 10.
LaTeX Font Info:    Checking defaults for C70/song/m/n on input line 10.
LaTeX Font Info:    ... okay on input line 10.
LaTeX Font Info:    Checking defaults for C31/song/m/n on input line 10.
LaTeX Font Info:    ... okay on input line 10.
LaTeX Font Info:    Checking defaults for C32/song/m/n on input line 10.
LaTeX Font Info:    ... okay on input line 10.
LaTeX Font Info:    Checking defaults for C33/song/m/n on input line 10.
LaTeX Font Info:    ... okay on input line 10.
LaTeX Font Info:    Checking defaults for C34/song/m/n on input line 10.
LaTeX Font Info:    ... okay on input line 10.
LaTeX Font Info:    Checking defaults for C35/song/m/n on input line 10.
LaTeX Font Info:    ... okay on input line 10.
LaTeX Font Info:    Checking defaults for C36/song/m/n on input line 10.
LaTeX Font Info:    ... okay on input line 10.
LaTeX Font Info:    Checking defaults for C37/song/m/n on input line 10.
LaTeX Font Info:    ... okay on input line 10.
LaTeX Font Info:    Checking defaults for C80/song/m/n on input line 10.
LaTeX Font Info:    ... okay on input line 10.
LaTeX Font Info:    Checking defaults for C81/song/m/n on input line 10.
LaTeX Font Info:    ... okay on input line 10.
LaTeX Font Info:    Checking defaults for C01/song/m/n on input line 10.
LaTeX Font Info:    ... okay on input line 10.
LaTeX Font Info:    Checking defaults for C11/song/m/n on input line 10.
LaTeX Font Info:    ... okay on input line 10.
LaTeX Font Info:    Checking defaults for C21/song/m/n on input line 10.
LaTeX Font Info:    ... okay on input line 10.
LaTeX Font Info:    Checking defaults for C41/song/m/n on input line 10.
LaTeX Font Info:    ... okay on input line 10.
LaTeX Font Info:    Checking defaults for C62/song/m/n on input line 10.
LaTeX Font Info:    ... okay on input line 10.
LaTeX Font Info:    Checking defaults for PD1/pdf/m/n on input line 10.
LaTeX Font Info:    ... okay on input line 10.

(d:\CTEX\MiKTeX\tex\context\base\supp-pdf.mkii
[Loading MPS to PDF converter (version 2006.09.02).]
\scratchcounter=\count98
\scratchdimen=\dimen109
\scratchbox=\box27
\nofMPsegments=\count99
\nofMParguments=\count100
\everyMPshowfont=\toks15
\MPscratchCnt=\count101
\MPscratchDim=\dimen110
\MPnumerator=\count102
\makeMPintoPDFobject=\count103
\everyMPtoPDFconversion=\toks16
)
\AtBeginShipoutBox=\box28
Package hyperref Info: Link coloring ON on input line 10.
 (d:\CTEX\MiKTeX\tex\latex\hyperref\nameref.sty
Package: nameref 2010/04/30 v2.40 Cross-referencing by name of section

(d:\CTEX\MiKTeX\tex\generic\oberdiek\gettitlestring.sty
Package: gettitlestring 2010/12/03 v1.4 Cleanup title references (HO)
)
\c@section@level=\count104
)
LaTeX Info: Redefining \ref on input line 10.
LaTeX Info: Redefining \pageref on input line 10.
LaTeX Info: Redefining \nameref on input line 10.

(D:\course\note\survey\chi\序列组装.out)
(D:\course\note\survey\chi\序列组装.out)
\@outlinefile=\write3

(d:\CTEX\MiKTeX\tex\latex\cjk\standard.bdg
File: standard.bdg 2008/12/29 4.8.2
)
(d:\CTEX\MiKTeX\tex\latex\cjk\extended.enc
File: extended.enc 2008/12/29 4.8.2
)
(d:\CTEX\MiKTeX\tex\latex\cjk\extended.chr
File: extended.chr 2008/12/29 4.8.2
)
LaTeX Font Info:    Try loading font information for C19+song on input line 15.


(d:\CTEX\CTeX\tex\latex\CJK\GB\c19song.fd
File: c19song.fd 2009/09/23 4.8.2
)
LaTeX Font Info:    External font `cmex10' loaded for size
(Font)              <12> on input line 15.
LaTeX Font Info:    External font `cmex10' loaded for size
(Font)              <8> on input line 15.
LaTeX Font Info:    External font `cmex10' loaded for size
(Font)              <6> on input line 15.
 [1

{d:/CTEX/UserData/pdftex/config/pdftex.map{Unicode.sfd}{UGBK.sfd}}]
<Figure1.jpg, id=50, 660.96938pt x 145.29282pt>
File: Figure1.jpg Graphic file (type jpg)
 <use Figure1.jpg>
Package pdftex.def Info: Figure1.jpg used on input line 31.
(pdftex.def)             Requested size: 227.62204pt x 50.03517pt.
LaTeX Font Info:    External font `cmex10' loaded for size
(Font)              <7> on input line 36.
LaTeX Font Info:    External font `cmex10' loaded for size
(Font)              <5> on input line 36.
 [2 <D:/course/note/survey/chi/Figure1.jpg>]

LaTeX Warning: Citation `sanger1977nucleotide' on page 3 undefined on input lin
e 43.


LaTeX Warning: Citation `mardis2008impact' on page 3 undefined on input line 43
.


LaTeX Warning: Citation `margulies2005genome' on page 3 undefined on input line
 43.


LaTeX Warning: Citation `bentley2006whole' on page 3 undefined on input line 43
.

<Figure2.jpg, id=85, 734.745pt x 231.11343pt>
File: Figure2.jpg Graphic file (type jpg)
 <use Figure2.jpg>
Package pdftex.def Info: Figure2.jpg used on input line 50.
(pdftex.def)             Requested size: 284.52756pt x 89.4991pt.

<Figure3.jpg, id=86, 402.75468pt x 67.0003pt>
File: Figure3.jpg Graphic file (type jpg)
 <use Figure3.jpg>
Package pdftex.def Info: Figure3.jpg used on input line 56.
(pdftex.def)             Requested size: 284.52756pt x 47.33232pt.

Overfull \hbox (2.19513pt too wide) in paragraph at lines 43--59
\OT1/cmr/m/n/10 for-mat file con-sist-ing string of de-scrip-tion, read and qua
l-i-ty(only ex-ist-s in FASTQ
 []


Underfull \hbox (badness 10000) in paragraph at lines 60--61

 []

[3]
LaTeX Font Info:    Try loading font information for OMS+cmr on input line 62.
 (d:\CTEX\MiKTeX\tex\latex\base\omscmr.fd
File: omscmr.fd 1999/05/25 v2.5h Standard LaTeX font definitions
)
LaTeX Font Info:    Font shape `OMS/cmr/m/n' in size <10> not available
(Font)              Font shape `OMS/cmsy/m/n' tried instead on input line 62.

<Figure4.jpg, id=97, 660.96938pt x 188.20313pt>
File: Figure4.jpg Graphic file (type jpg)
 <use Figure4.jpg>
Package pdftex.def Info: Figure4.jpg used on input line 73.
(pdftex.def)             Requested size: 284.52756pt x 81.01765pt.
 [4 <D:/course/note/survey/chi/Figure2.jpg> <D:/course/note/survey/chi/Figure3.
jpg>]

LaTeX Warning: Citation `myers1995toward' on page 5 undefined on input line 79.



LaTeX Warning: Citation `hernandez2008novo' on page 5 undefined on input line 7
9.


LaTeX Warning: Citation `idury1995new' on page 5 undefined on input line 79.

<Figure5.jpg, id=105, 536.75531pt x 349.305pt>
File: Figure5.jpg Graphic file (type jpg)
 <use Figure5.jpg>
Package pdftex.def Info: Figure5.jpg used on input line 88.
(pdftex.def)             Requested size: 284.52756pt x 185.16273pt.

<Figure6.jpg, id=106, 1224.07312pt x 409.53pt>
File: Figure6.jpg Graphic file (type jpg)
 <use Figure6.jpg>
Package pdftex.def Info: Figure6.jpg used on input line 94.
(pdftex.def)             Requested size: 284.52756pt x 95.18974pt.


LaTeX Warning: Citation `zerbino2008velvet' on page 5 undefined on input line 9
7.


LaTeX Warning: Citation `simpson2009abyss' on page 5 undefined on input line 97
.


LaTeX Warning: Citation `butler2008allpaths' on page 5 undefined on input line 
97.


LaTeX Warning: Citation `li2010novo' on page 5 undefined on input line 97.


Overfull \hbox (45.13972pt too wide) in paragraph at lines 120--133
 [] 
 []

[5 <D:/course/note/survey/chi/Figure4.jpg>] [6 <D:/course/note/survey/chi/Figur
e5.jpg> <D:/course/note/survey/chi/Figure6.jpg>] [7]

LaTeX Warning: Citation `schulz2012oases' on page 8 undefined on input line 142
.


LaTeX Warning: Citation `robertson2010novo' on page 8 undefined on input line 1
42.


LaTeX Warning: Citation `grabherr2011full' on page 8 undefined on input line 14
2.


LaTeX Warning: Citation `zhao2011optimizing' on page 8 undefined on input line 
142.


LaTeX Warning: Citation `henschel2012trinity' on page 8 undefined on input line
 142.

<Figure7.jpg, id=131, 423.08063pt x 133.24782pt>
File: Figure7.jpg Graphic file (type jpg)
 <use Figure7.jpg>
Package pdftex.def Info: Figure7.jpg used on input line 146.
(pdftex.def)             Requested size: 284.52756pt x 89.61307pt.

Overfull \hbox (4.30417pt too wide) in paragraph at lines 150--150
[][][]\OT1/cmr/m/n/8 http://sourceforge.net/apps/mediawiki/dnaa/index.php?title
=Whole[]Genome[]Simulation| 
 []


LaTeX Warning: Citation `altschul1990basic' on page 8 undefined on input line 1
50.


LaTeX Warning: Citation `kent2002blat' on page 8 undefined on input line 150.


Overfull \hbox (6.13977pt too wide) in paragraph at lines 150--151
\OT1/cmr/m/n/10 p://ftp.ncbi.nlm.nih.gov/refseq/[][], [][]ft-p://ftp.ncbi.nlm.n
ih.gov/genomes/[][] or NCBI's
 []


Overfull \hbox (2.38043pt too wide) in paragraph at lines 150--151
\OT1/cmr/m/n/10 ref-se-q is ex-plained on [][]http://www.ncbi.nlm.nih.gov/books
/NBK50679/[][]. NCBI's
 []

[8 <D:/course/note/survey/chi/Figure7.jpg>]
Overfull \hbox (90.47322pt too wide) in paragraph at lines 156--171
 [] 
 []

(D:\course\note\survey\chi\序列组装.bbl [9]

LaTeX Warning: Empty `thebibliography' environment on input line 3.

)
Package atveryend Info: Empty hook `BeforeClearDocument' on input line 179.
 [10]
Package atveryend Info: Empty hook `AfterLastShipout' on input line 179.
 (D:\course\note\survey\chi\序列组装.aux)
Package atveryend Info: Executing hook `AtVeryEndDocument' on input line 179.
Package atveryend Info: Executing hook `AtEndAfterFileList' on input line 179.
Package rerunfilecheck Info: File `序列组装.out' has not changed.
(rerunfilecheck)             Checksum: 5F4F9BE832267FD24449F549C4012E34;374.


LaTeX Warning: There were undefined references.

 ) 
Here is how much of TeX's memory you used:
 6362 strings out of 495354
 89693 string characters out of 3183858
 183582 words of memory out of 3000000
 9413 multiletter control sequences out of 15000+200000
 32248 words of font info for 110 fonts, out of 3000000 for 9000
 14 hyphenation exceptions out of 8191
 29i,9n,30p,3014b,876s stack positions out of 5000i,500n,10000p,200000b,50000s
<d:/CTEX/CTeX/fonts/truetype/chinese/simsun.ttf><d:/CTEX/CTeX/fonts/truetype/
chinese/simsun.ttf><d:/CTEX/CTeX/fonts/truetype/chinese/simsun.ttf><d:/CTEX/CTe
X/fonts/truetype/chinese/simsun.ttf><d:/CTEX/CTeX/fonts/truetype/chinese/simsun
.ttf><d:/CTEX/CTeX/fonts/truetype/chinese/simsun.ttf><d:/CTEX/CTeX/fonts/truety
pe/chinese/simsun.ttf><d:/CTEX/CTeX/fonts/truetype/chinese/simsun.ttf><d:/CTEX/
CTeX/fonts/truetype/chinese/simsun.ttf><d:/CTEX/CTeX/fonts/truetype/chinese/sim
sun.ttf><d:/CTEX/CTeX/fonts/truetype/chinese/simsun.ttf><d:/CTEX/CTeX/fonts/tru
etype/chinese/simsun.ttf><d:/CTEX/CTeX/fonts/truetype/chinese/simsun.ttf><d:/CT
EX/CTeX/fonts/truetype/chinese/simsun.ttf><d:/CTEX/CTeX/fonts/truetype/chinese/
simsun.ttf><d:/CTEX/CTeX/fonts/truetype/chinese/simsun.ttf><d:/CTEX/CTeX/fonts/
truetype/chinese/simsun.ttf><d:/CTEX/CTeX/fonts/truetype/chinese/simsun.ttf><d:
/CTEX/CTeX/fonts/truetype/chinese/simsun.ttf><d:/CTEX/CTeX/fonts/truetype/chine
se/simsun.ttf><d:/CTEX/CTeX/fonts/truetype/chinese/simsun.ttf><d:/CTEX/CTeX/fon
ts/truetype/chinese/simsun.ttf><d:/CTEX/CTeX/fonts/truetype/chinese/simsun.ttf>
<d:/CTEX/CTeX/fonts/truetype/chinese/simsun.ttf><d:/CTEX/CTeX/fonts/truetype/ch
inese/simsun.ttf><d:/CTEX/CTeX/fonts/truetype/chinese/simsun.ttf><d:/CTEX/CTeX/
fonts/truetype/chinese/simsun.ttf><d:/CTEX/CTeX/fonts/truetype/chinese/simsun.t
tf><d:/CTEX/CTeX/fonts/truetype/chinese/simsun.ttf><d:/CTEX/CTeX/fonts/truetype
/chinese/simsun.ttf><d:/CTEX/CTeX/fonts/truetype/chinese/simsun.ttf><d:/CTEX/CT
eX/fonts/truetype/chinese/simsun.ttf><d:/CTEX/CTeX/fonts/truetype/chinese/simsu
n.ttf><d:/CTEX/MiKTeX/fonts/type1/public/amsfonts/cm/cmbx10.pfb><d:/CTEX/MiKTeX
/fonts/type1/public/amsfonts/cm/cmbx12.pfb><d:/CTEX/MiKTeX/fonts/type1/public/a
msfonts/cm/cmbx9.pfb><d:/CTEX/MiKTeX/fonts/type1/public/amsfonts/cm/cmmi10.pfb>
<d:/CTEX/MiKTeX/fonts/type1/public/amsfonts/cm/cmr10.pfb><d:/CTEX/MiKTeX/fonts/
type1/public/amsfonts/cm/cmr12.pfb><d:/CTEX/MiKTeX/fonts/type1/public/amsfonts/
cm/cmr6.pfb><d:/CTEX/MiKTeX/fonts/type1/public/amsfonts/cm/cmr7.pfb><d:/CTEX/Mi
KTeX/fonts/type1/public/amsfonts/cm/cmr8.pfb><d:/CTEX/MiKTeX/fonts/type1/public
/amsfonts/cm/cmr9.pfb><d:/CTEX/MiKTeX/fonts/type1/public/amsfonts/cm/cmsy10.pfb
>
Output written on 序列组装.pdf (10 pages, 756663 bytes).
PDF statistics:
 313 PDF objects out of 1000 (max. 8388607)
 32 named destinations out of 1000 (max. 500000)
 92 words of extra memory for PDF output out of 10000 (max. 10000000)

